<?xml version="1.0" encoding="UTF-8"?>
<testsuite name="com.vexel.offlinearcade.core.ui.ArcadeGesturesTest" tests="4" skipped="0" failures="0" errors="0" timestamp="2026-04-14T23:17:41" hostname="vps.us-central1-c.c.crack-saga-487819-k0.internal" time="0.011">
  <properties/>
  <testcase name="tapWithinSlopStaysTap" classname="com.vexel.offlinearcade.core.ui.ArcadeGesturesTest" time="0.009"/>
  <testcase name="horizontalSwipeMapsToSingleDirection" classname="com.vexel.offlinearcade.core.ui.ArcadeGesturesTest" time="0.0"/>
  <testcase name="noisyDiagonalDragIsIgnored" classname="com.vexel.offlinearcade.core.ui.ArcadeGesturesTest" time="0.0"/>
  <testcase name="downwardGesturesSeparateSoftAndHardDrop" classname="com.vexel.offlinearcade.core.ui.ArcadeGesturesTest" time="0.0"/>
  <system-out><![CDATA[]]></system-out>
  <system-err><![CDATA[]]></system-err>
</testsuite>
