<?xml version="1.0" encoding="UTF-8"?>
<testsuite name="com.vexel.offlinearcade.game.lanedrift.LaneDriftLogicTest" tests="4" skipped="0" failures="0" errors="0" timestamp="2026-04-10T12:11:05" hostname="vps.us-central1-c.c.crack-saga-487819-k0.internal" time="0.036">
  <properties/>
  <testcase name="pickupLaneNeverMatchesBlockerLane" classname="com.vexel.offlinearcade.game.lanedrift.LaneDriftLogicTest" time="0.033"/>
  <testcase name="speedAndSpawnIntervalClampAtBounds" classname="com.vexel.offlinearcade.game.lanedrift.LaneDriftLogicTest" time="0.001"/>
  <testcase name="pickupSpawnRulesRespectEarlyGuardrails" classname="com.vexel.offlinearcade.game.lanedrift.LaneDriftLogicTest" time="0.001"/>
  <testcase name="earlyPatternAvoidsImmediateSameBlockerLane" classname="com.vexel.offlinearcade.game.lanedrift.LaneDriftLogicTest" time="0.001"/>
  <system-out><![CDATA[]]></system-out>
  <system-err><![CDATA[]]></system-err>
</testsuite>
