<?xml version="1.0" encoding="UTF-8"?>
<testsuite name="com.vexel.offlinearcade.core.data.DailyChallengeGeneratorTest" tests="2" skipped="0" failures="0" errors="0" timestamp="2026-04-15T14:26:32" hostname="vps.us-central1-c.c.crack-saga-487819-k0.internal" time="0.267">
  <properties/>
  <testcase name="generatorChangesAcrossDays" classname="com.vexel.offlinearcade.core.data.DailyChallengeGeneratorTest" time="0.261"/>
  <testcase name="generatorIsDeterministicForSameDay" classname="com.vexel.offlinearcade.core.data.DailyChallengeGeneratorTest" time="0.003"/>
  <system-out><![CDATA[]]></system-out>
  <system-err><![CDATA[]]></system-err>
</testsuite>
