<?xml version="1.0" encoding="UTF-8"?>
<testsuite name="com.vexel.offlinearcade.core.data.OfflineArcadeRepositoryRuntimeIntegrationTest" tests="3" skipped="0" failures="0" errors="0" timestamp="2026-04-10T11:48:44" hostname="vps.us-central1-c.c.crack-saga-487819-k0.internal" time="2.336">
  <properties/>
  <testcase name="challengeGenerationAndProgressLoadFromStorage" classname="com.vexel.offlinearcade.core.data.OfflineArcadeRepositoryRuntimeIntegrationTest" time="1.278"/>
  <testcase name="streakAndCoinsFollowRunDays" classname="com.vexel.offlinearcade.core.data.OfflineArcadeRepositoryRuntimeIntegrationTest" time="0.666"/>
  <testcase name="roomAndDataStorePersistAcrossRepositoryRecreation" classname="com.vexel.offlinearcade.core.data.OfflineArcadeRepositoryRuntimeIntegrationTest" time="0.391"/>
  <system-out><![CDATA[]]></system-out>
  <system-err><![CDATA[]]></system-err>
</testsuite>
