<?xml version="1.0" encoding="UTF-8"?>
<testsuite name="com.vexel.offlinearcade.core.data.DailyChallengeGeneratorTest" tests="2" skipped="0" failures="0" errors="0" timestamp="2026-04-14T23:17:47" hostname="vps.us-central1-c.c.crack-saga-487819-k0.internal" time="0.055">
  <properties/>
  <testcase name="generatorChangesAcrossDays" classname="com.vexel.offlinearcade.core.data.DailyChallengeGeneratorTest" time="0.054"/>
  <testcase name="generatorIsDeterministicForSameDay" classname="com.vexel.offlinearcade.core.data.DailyChallengeGeneratorTest" time="0.001"/>
  <system-out><![CDATA[]]></system-out>
  <system-err><![CDATA[]]></system-err>
</testsuite>
