<?xml version="1.0" encoding="UTF-8"?>
<testsuite name="com.vexel.offlinearcade.game.pulseorbit.PulseOrbitTuningTest" tests="4" skipped="0" failures="0" errors="0" timestamp="2026-04-15T13:58:29" hostname="vps.us-central1-c.c.crack-saga-487819-k0.internal" time="0.006">
  <properties/>
  <testcase name="angularDistanceHandlesWrapAround" classname="com.vexel.offlinearcade.game.pulseorbit.PulseOrbitTuningTest" time="0.003"/>
  <testcase name="gapSizeShrinksAndClamps" classname="com.vexel.offlinearcade.game.pulseorbit.PulseOrbitTuningTest" time="0.001"/>
  <testcase name="speedAndStepIncreaseAndClamp" classname="com.vexel.offlinearcade.game.pulseorbit.PulseOrbitTuningTest" time="0.0"/>
  <testcase name="normalizeAngleReturnsExpectedRange" classname="com.vexel.offlinearcade.game.pulseorbit.PulseOrbitTuningTest" time="0.0"/>
  <system-out><![CDATA[]]></system-out>
  <system-err><![CDATA[]]></system-err>
</testsuite>
